Added Member To Class: ClassName=tsal_v1 Member=Component D1 LED XLAMP RED 1616 SMD
Added Member To Class: ClassName=tsal_v1 Member=Component D2 LED XLAMP RED 1616 SMD
Added Member To Class: ClassName=tsal_v1 Member=Component D3 LED XLAMP RED 1616 SMD
Added Member To Class: ClassName=tsal_v1 Member=Component D4 LED XLAMP RED 1616 SMD
Added Member To Class: ClassName=tsal_v1 Member=Component D5 LED XLAMP RED 1616 SMD
Added Member To Class: ClassName=tsal_v1 Member=Component D6 LED XLAMP RED 1616 SMD
Added Member To Class: ClassName=tsal_v1 Member=Component D7 LED XLAMP RED 1616 SMD
Added Member To Class: ClassName=tsal_v1 Member=Component D8 LED XLAMP RED 1616 SMD
Added Member To Class: ClassName=tsal_v1 Member=Component D9 LED XLAMP RED 1616 SMD
Added Member To Class: ClassName=tsal_v1 Member=Component D10 LED XLAMP RED 1616 SMD
Added Member To Class: ClassName=tsal_v1 Member=Component D11 LED XLAMP RED 1616 SMD
Added Member To Class: ClassName=tsal_v1 Member=Component D12 LED XLAMP RED 1616 SMD
Added Member To Class: ClassName=tsal_v1 Member=Component D13 LED XLAMP RED 1616 SMD
Added Member To Class: ClassName=tsal_v1 Member=Component D14 LED XLAMP RED 1616 SMD
Added Member To Class: ClassName=tsal_v1 Member=Component D15 LED XLAMP RED 1616 SMD
Added Member To Class: ClassName=tsal_v1 Member=Component D16 LED XLAMP RED 1616 SMD
Added Member To Class: ClassName=tsal_v1 Member=Component D17 LED XLAMP RED 1616 SMD
Added Member To Class: ClassName=tsal_v1 Member=Component D18 LED XLAMP RED 1616 SMD
Added Member To Class: ClassName=tsal_v1 Member=Component D19 LED XLAMP GREEN 1616 SMD
Added Member To Class: ClassName=tsal_v1 Member=Component D20 LED XLAMP GREEN 1616 SMD
Added Member To Class: ClassName=tsal_v1 Member=Component D21 LED XLAMP GREEN 1616 SMD
Added Member To Class: ClassName=tsal_v1 Member=Component D22 LED XLAMP GREEN 1616 SMD
Added Member To Class: ClassName=tsal_v1 Member=Component D23 LED XLAMP GREEN 1616 SMD
Added Member To Class: ClassName=tsal_v1 Member=Component D24 LED XLAMP GREEN 1616 SMD
Added Member To Class: ClassName=tsal_v1 Member=Component D25 LED XLAMP GREEN 1616 SMD
Added Member To Class: ClassName=tsal_v1 Member=Component D26 LED XLAMP GREEN 1616 SMD
Added Member To Class: ClassName=tsal_v1 Member=Component D27 LED XLAMP GREEN 1616 SMD
Added Member To Class: ClassName=tsal_v1 Member=Component D28 LED XLAMP GREEN 1616 SMD
Added Member To Class: ClassName=tsal_v1 Member=Component D29 LED XLAMP GREEN 1616 SMD
Added Member To Class: ClassName=tsal_v1 Member=Component D30 LED XLAMP GREEN 1616 SMD
Added Member To Class: ClassName=tsal_v1 Member=Component D31 LED XLAMP GREEN 1616 SMD
Added Member To Class: ClassName=tsal_v1 Member=Component D32 LED XLAMP GREEN 1616 SMD
Added Member To Class: ClassName=tsal_v1 Member=Component D33 LED XLAMP GREEN 1616 SMD
Added Member To Class: ClassName=tsal_v1 Member=Component D34 LED XLAMP GREEN 1616 SMD
Added Member To Class: ClassName=tsal_v1 Member=Component D35 LED XLAMP GREEN 1616 SMD
Added Member To Class: ClassName=tsal_v1 Member=Component D36 LED XLAMP GREEN 1616 SMD
Added Member To Class: ClassName=tsal_v1 Member=Component R1 RES 0603 60R 1% 0.25W
Added Member To Class: ClassName=tsal_v1 Member=Component R2 RES 0603 60R 1% 0.25W
Added Member To Class: ClassName=tsal_v1 Member=Component R3 RES SMD 20 OHM 5% 1/4W 0603
Added Member To Class: ClassName=tsal_v1 Member=Component R4 RES SMD 20 OHM 5% 1/4W 0603
Added Member To Class: ClassName=tsal_v1 Member=Component X1 Connector
Added Member To Class: ClassName=tsal_v1 Member=Component X2 Connector
