Removed Pin From Net: NetName=GND Pin=R1-1
Removed Pin From Net: NetName=NetD6_2 Pin=R2-1
Removed Pin From Net: NetName=GND Pin=R2-2
Removed Pin From Net: NetName=NetD24_2 Pin=R3-2
Removed Pin From Net: NetName=NetD24_2 Pin=R4-1
Removed Pin From Net: NetName=GND Pin=R4-2
Change Component Footprint: Designator=R1 Old Footprint=R0603 New Footprint=R5329
Change Component Footprint: Designator=R2 Old Footprint=R0603 New Footprint=R5329
Change Component Footprint: Designator=R3 Old Footprint=R0603 New Footprint=R5329
Change Component Footprint: Designator=R4 Old Footprint=R0603 New Footprint=R5329
Change Component Comment : Designator=R1 Old Comment=RES 0603 60R 1% 0.25W New Comment=RES SMD 6.8 OHM 1% 5W 5329
Change Component Comment : Designator=R2 Old Comment=RES 0603 60R 1% 0.25W New Comment=RES SMD 6.8 OHM 1% 5W 5329
Change Component Comment : Designator=R3 Old Comment=RES SMD 20 OHM 5% 1/4W 0603 New Comment=RES SMD 6.8 OHM 1% 5W 5329
Change Component Comment : Designator=R4 Old Comment=RES SMD 20 OHM 5% 1/4W 0603 New Comment=RES SMD 6.8 OHM 1% 5W 5329
Change component parameters: Designator = "R1"; Footprint = "R5329"; UniqueID = "\VVVONFNQ"
Change component parameters. Clean all parameters for all variants
Change component parameters (AddParameter): Name = "Manufacturer"; Value = "TE Connectivity Passive Product"; VariantName = "[No Variations]"
Change component parameters (AddParameter): Name = "Part_Number"; Value = "A138730CT"; VariantName = "[No Variations]"
Change component parameters (AddParameter): Name = "Power"; Value = "5W"; VariantName = "[No Variations]"
Change component parameters (AddParameter): Name = "Supplier 1"; Value = "Digi-Key"; VariantName = "[No Variations]"
Change component parameters (AddParameter): Name = "Supplier_Link"; Value = "https://www.digikey.com/product-detail/en/te-connectivity-passive-product/SMW56R8FT/A138730CT-ND/9372131"; VariantName = "[No Variations]"
Change component parameters (AddParameter): Name = "Supplier Part Number 1"; Value = "A138730CT-ND"; VariantName = "[No Variations]"
Change component parameters (AddParameter): Name = "Tolerance"; Value = "1%"; VariantName = "[No Variations]"
Change component parameters (AddParameter): Name = "Value"; Value = "6.8R"; VariantName = "[No Variations]"
Change component parameters: Designator = "R2"; Footprint = "R5329"; UniqueID = "\KAMMNFSJ"
Change component parameters. Clean all parameters for all variants
Change component parameters (AddParameter): Name = "Manufacturer"; Value = "TE Connectivity Passive Product"; VariantName = "[No Variations]"
Change component parameters (AddParameter): Name = "Part_Number"; Value = "A138730CT"; VariantName = "[No Variations]"
Change component parameters (AddParameter): Name = "Power"; Value = "5W"; VariantName = "[No Variations]"
Change component parameters (AddParameter): Name = "Supplier 1"; Value = "Digi-Key"; VariantName = "[No Variations]"
Change component parameters (AddParameter): Name = "Supplier_Link"; Value = "https://www.digikey.com/product-detail/en/te-connectivity-passive-product/SMW56R8FT/A138730CT-ND/9372131"; VariantName = "[No Variations]"
Change component parameters (AddParameter): Name = "Supplier Part Number 1"; Value = "A138730CT-ND"; VariantName = "[No Variations]"
Change component parameters (AddParameter): Name = "Tolerance"; Value = "1%"; VariantName = "[No Variations]"
Change component parameters (AddParameter): Name = "Value"; Value = "6.8R"; VariantName = "[No Variations]"
Change component parameters: Designator = "R3"; Footprint = "R5329"; UniqueID = "\NPVNUPZR"
Change component parameters. Clean all parameters for all variants
Change component parameters (AddParameter): Name = "Manufacturer"; Value = "TE Connectivity Passive Product"; VariantName = "[No Variations]"
Change component parameters (AddParameter): Name = "Part_Number"; Value = "A138730CT"; VariantName = "[No Variations]"
Change component parameters (AddParameter): Name = "Power"; Value = "5W"; VariantName = "[No Variations]"
Change component parameters (AddParameter): Name = "Supplier 1"; Value = "Digi-Key"; VariantName = "[No Variations]"
Change component parameters (AddParameter): Name = "Supplier_Link"; Value = "https://www.digikey.com/product-detail/en/te-connectivity-passive-product/SMW56R8FT/A138730CT-ND/9372131"; VariantName = "[No Variations]"
Change component parameters (AddParameter): Name = "Supplier Part Number 1"; Value = "A138730CT-ND"; VariantName = "[No Variations]"
Change component parameters (AddParameter): Name = "Tolerance"; Value = "1%"; VariantName = "[No Variations]"
Change component parameters (AddParameter): Name = "Value"; Value = "6.8R"; VariantName = "[No Variations]"
Change component parameters: Designator = "R4"; Footprint = "R5329"; UniqueID = "\QSZLFTTQ"
Change component parameters. Clean all parameters for all variants
Change component parameters (AddParameter): Name = "Manufacturer"; Value = "TE Connectivity Passive Product"; VariantName = "[No Variations]"
Change component parameters (AddParameter): Name = "Part_Number"; Value = "A138730CT"; VariantName = "[No Variations]"
Change component parameters (AddParameter): Name = "Power"; Value = "5W"; VariantName = "[No Variations]"
Change component parameters (AddParameter): Name = "Supplier 1"; Value = "Digi-Key"; VariantName = "[No Variations]"
Change component parameters (AddParameter): Name = "Supplier_Link"; Value = "https://www.digikey.com/product-detail/en/te-connectivity-passive-product/SMW56R8FT/A138730CT-ND/9372131"; VariantName = "[No Variations]"
Change component parameters (AddParameter): Name = "Supplier Part Number 1"; Value = "A138730CT-ND"; VariantName = "[No Variations]"
Change component parameters (AddParameter): Name = "Tolerance"; Value = "1%"; VariantName = "[No Variations]"
Change component parameters (AddParameter): Name = "Value"; Value = "6.8R"; VariantName = "[No Variations]"
Added Pin To Net: NetName=GND Pin=R4-1
Added Pin To Net: NetName=NetD24_2 Pin=R4-2
Added Pin To Net: NetName=NetR1_1 Pin=R1-1
Added Pin To Net: NetName=NetR1_1 Pin=R2-2
Added Net: Name=NetR1_1
Added Pin To Net: NetName=NetR2_1 Pin=R2-1
Added Pin To Net: NetName=NetR2_1 Pin=R3-2
Added Net: Name=NetR2_1
