Added Component: Designator=D1(led red 0606)
Add component. Clean all parameters for all variants
Add component (AddParameter): Name = "Manufacturer"; Value = "Comchip Technology"; VariantName = "[No Variations]"
Add component (AddParameter): Name = "Part_Number"; Value = "XQARED-02-0000-000000W01"; VariantName = "[No Variations]"
Add component (AddParameter): Name = "Price"; Value = "0.81"; VariantName = "[No Variations]"
Add component (AddParameter): Name = "Price_10"; Value = "0.762"; VariantName = "[No Variations]"
Add component (AddParameter): Name = "Supplier 1"; Value = "Digi-Key"; VariantName = "[No Variations]"
Add component (AddParameter): Name = "Supplier_Link"; Value = "https://www.digikey.ca/product-detail/en/cree-inc/XQARED-02-0000-000000W01/XQARED-02-0000-000000W01CT-ND/5806748"; VariantName = "[No Variations]"
Add component (AddParameter): Name = "Supplier Part Number 1"; Value = "XQARED-02-0000-000000W01CT-ND"; VariantName = "[No Variations]"
Added Component: Designator=D2(led red 0606)
Add component. Clean all parameters for all variants
Add component (AddParameter): Name = "Manufacturer"; Value = "Comchip Technology"; VariantName = "[No Variations]"
Add component (AddParameter): Name = "Part_Number"; Value = "XQARED-02-0000-000000W01"; VariantName = "[No Variations]"
Add component (AddParameter): Name = "Price"; Value = "0.81"; VariantName = "[No Variations]"
Add component (AddParameter): Name = "Price_10"; Value = "0.762"; VariantName = "[No Variations]"
Add component (AddParameter): Name = "Supplier 1"; Value = "Digi-Key"; VariantName = "[No Variations]"
Add component (AddParameter): Name = "Supplier_Link"; Value = "https://www.digikey.ca/product-detail/en/cree-inc/XQARED-02-0000-000000W01/XQARED-02-0000-000000W01CT-ND/5806748"; VariantName = "[No Variations]"
Add component (AddParameter): Name = "Supplier Part Number 1"; Value = "XQARED-02-0000-000000W01CT-ND"; VariantName = "[No Variations]"
Added Component: Designator=D3(led red 0606)
Add component. Clean all parameters for all variants
Add component (AddParameter): Name = "Manufacturer"; Value = "Comchip Technology"; VariantName = "[No Variations]"
Add component (AddParameter): Name = "Part_Number"; Value = "XQARED-02-0000-000000W01"; VariantName = "[No Variations]"
Add component (AddParameter): Name = "Price"; Value = "0.81"; VariantName = "[No Variations]"
Add component (AddParameter): Name = "Price_10"; Value = "0.762"; VariantName = "[No Variations]"
Add component (AddParameter): Name = "Supplier 1"; Value = "Digi-Key"; VariantName = "[No Variations]"
Add component (AddParameter): Name = "Supplier_Link"; Value = "https://www.digikey.ca/product-detail/en/cree-inc/XQARED-02-0000-000000W01/XQARED-02-0000-000000W01CT-ND/5806748"; VariantName = "[No Variations]"
Add component (AddParameter): Name = "Supplier Part Number 1"; Value = "XQARED-02-0000-000000W01CT-ND"; VariantName = "[No Variations]"
Added Component: Designator=D4(led red 0606)
Add component. Clean all parameters for all variants
Add component (AddParameter): Name = "Manufacturer"; Value = "Comchip Technology"; VariantName = "[No Variations]"
Add component (AddParameter): Name = "Part_Number"; Value = "XQARED-02-0000-000000W01"; VariantName = "[No Variations]"
Add component (AddParameter): Name = "Price"; Value = "0.81"; VariantName = "[No Variations]"
Add component (AddParameter): Name = "Price_10"; Value = "0.762"; VariantName = "[No Variations]"
Add component (AddParameter): Name = "Supplier 1"; Value = "Digi-Key"; VariantName = "[No Variations]"
Add component (AddParameter): Name = "Supplier_Link"; Value = "https://www.digikey.ca/product-detail/en/cree-inc/XQARED-02-0000-000000W01/XQARED-02-0000-000000W01CT-ND/5806748"; VariantName = "[No Variations]"
Add component (AddParameter): Name = "Supplier Part Number 1"; Value = "XQARED-02-0000-000000W01CT-ND"; VariantName = "[No Variations]"
Added Component: Designator=D5(led red 0606)
Add component. Clean all parameters for all variants
Add component (AddParameter): Name = "Manufacturer"; Value = "Comchip Technology"; VariantName = "[No Variations]"
Add component (AddParameter): Name = "Part_Number"; Value = "XQARED-02-0000-000000W01"; VariantName = "[No Variations]"
Add component (AddParameter): Name = "Price"; Value = "0.81"; VariantName = "[No Variations]"
Add component (AddParameter): Name = "Price_10"; Value = "0.762"; VariantName = "[No Variations]"
Add component (AddParameter): Name = "Supplier 1"; Value = "Digi-Key"; VariantName = "[No Variations]"
Add component (AddParameter): Name = "Supplier_Link"; Value = "https://www.digikey.ca/product-detail/en/cree-inc/XQARED-02-0000-000000W01/XQARED-02-0000-000000W01CT-ND/5806748"; VariantName = "[No Variations]"
Add component (AddParameter): Name = "Supplier Part Number 1"; Value = "XQARED-02-0000-000000W01CT-ND"; VariantName = "[No Variations]"
Added Component: Designator=D6(led red 0606)
Add component. Clean all parameters for all variants
Add component (AddParameter): Name = "Manufacturer"; Value = "Comchip Technology"; VariantName = "[No Variations]"
Add component (AddParameter): Name = "Part_Number"; Value = "XQARED-02-0000-000000W01"; VariantName = "[No Variations]"
Add component (AddParameter): Name = "Price"; Value = "0.81"; VariantName = "[No Variations]"
Add component (AddParameter): Name = "Price_10"; Value = "0.762"; VariantName = "[No Variations]"
Add component (AddParameter): Name = "Supplier 1"; Value = "Digi-Key"; VariantName = "[No Variations]"
Add component (AddParameter): Name = "Supplier_Link"; Value = "https://www.digikey.ca/product-detail/en/cree-inc/XQARED-02-0000-000000W01/XQARED-02-0000-000000W01CT-ND/5806748"; VariantName = "[No Variations]"
Add component (AddParameter): Name = "Supplier Part Number 1"; Value = "XQARED-02-0000-000000W01CT-ND"; VariantName = "[No Variations]"
Added Component: Designator=D7(led red 0606)
Add component. Clean all parameters for all variants
Add component (AddParameter): Name = "Manufacturer"; Value = "Comchip Technology"; VariantName = "[No Variations]"
Add component (AddParameter): Name = "Part_Number"; Value = "XQARED-02-0000-000000W01"; VariantName = "[No Variations]"
Add component (AddParameter): Name = "Price"; Value = "0.81"; VariantName = "[No Variations]"
Add component (AddParameter): Name = "Price_10"; Value = "0.762"; VariantName = "[No Variations]"
Add component (AddParameter): Name = "Supplier 1"; Value = "Digi-Key"; VariantName = "[No Variations]"
Add component (AddParameter): Name = "Supplier_Link"; Value = "https://www.digikey.ca/product-detail/en/cree-inc/XQARED-02-0000-000000W01/XQARED-02-0000-000000W01CT-ND/5806748"; VariantName = "[No Variations]"
Add component (AddParameter): Name = "Supplier Part Number 1"; Value = "XQARED-02-0000-000000W01CT-ND"; VariantName = "[No Variations]"
Added Component: Designator=D8(led red 0606)
Add component. Clean all parameters for all variants
Add component (AddParameter): Name = "Manufacturer"; Value = "Comchip Technology"; VariantName = "[No Variations]"
Add component (AddParameter): Name = "Part_Number"; Value = "XQARED-02-0000-000000W01"; VariantName = "[No Variations]"
Add component (AddParameter): Name = "Price"; Value = "0.81"; VariantName = "[No Variations]"
Add component (AddParameter): Name = "Price_10"; Value = "0.762"; VariantName = "[No Variations]"
Add component (AddParameter): Name = "Supplier 1"; Value = "Digi-Key"; VariantName = "[No Variations]"
Add component (AddParameter): Name = "Supplier_Link"; Value = "https://www.digikey.ca/product-detail/en/cree-inc/XQARED-02-0000-000000W01/XQARED-02-0000-000000W01CT-ND/5806748"; VariantName = "[No Variations]"
Add component (AddParameter): Name = "Supplier Part Number 1"; Value = "XQARED-02-0000-000000W01CT-ND"; VariantName = "[No Variations]"
Added Component: Designator=D9(led red 0606)
Add component. Clean all parameters for all variants
Add component (AddParameter): Name = "Manufacturer"; Value = "Comchip Technology"; VariantName = "[No Variations]"
Add component (AddParameter): Name = "Part_Number"; Value = "XQARED-02-0000-000000W01"; VariantName = "[No Variations]"
Add component (AddParameter): Name = "Price"; Value = "0.81"; VariantName = "[No Variations]"
Add component (AddParameter): Name = "Price_10"; Value = "0.762"; VariantName = "[No Variations]"
Add component (AddParameter): Name = "Supplier 1"; Value = "Digi-Key"; VariantName = "[No Variations]"
Add component (AddParameter): Name = "Supplier_Link"; Value = "https://www.digikey.ca/product-detail/en/cree-inc/XQARED-02-0000-000000W01/XQARED-02-0000-000000W01CT-ND/5806748"; VariantName = "[No Variations]"
Add component (AddParameter): Name = "Supplier Part Number 1"; Value = "XQARED-02-0000-000000W01CT-ND"; VariantName = "[No Variations]"
Added Component: Designator=D10(led red 0606)
Add component. Clean all parameters for all variants
Add component (AddParameter): Name = "Manufacturer"; Value = "Comchip Technology"; VariantName = "[No Variations]"
Add component (AddParameter): Name = "Part_Number"; Value = "XQARED-02-0000-000000W01"; VariantName = "[No Variations]"
Add component (AddParameter): Name = "Price"; Value = "0.81"; VariantName = "[No Variations]"
Add component (AddParameter): Name = "Price_10"; Value = "0.762"; VariantName = "[No Variations]"
Add component (AddParameter): Name = "Supplier 1"; Value = "Digi-Key"; VariantName = "[No Variations]"
Add component (AddParameter): Name = "Supplier_Link"; Value = "https://www.digikey.ca/product-detail/en/cree-inc/XQARED-02-0000-000000W01/XQARED-02-0000-000000W01CT-ND/5806748"; VariantName = "[No Variations]"
Add component (AddParameter): Name = "Supplier Part Number 1"; Value = "XQARED-02-0000-000000W01CT-ND"; VariantName = "[No Variations]"
Added Component: Designator=D11(led red 0606)
Add component. Clean all parameters for all variants
Add component (AddParameter): Name = "Manufacturer"; Value = "Comchip Technology"; VariantName = "[No Variations]"
Add component (AddParameter): Name = "Part_Number"; Value = "XQARED-02-0000-000000W01"; VariantName = "[No Variations]"
Add component (AddParameter): Name = "Price"; Value = "0.81"; VariantName = "[No Variations]"
Add component (AddParameter): Name = "Price_10"; Value = "0.762"; VariantName = "[No Variations]"
Add component (AddParameter): Name = "Supplier 1"; Value = "Digi-Key"; VariantName = "[No Variations]"
Add component (AddParameter): Name = "Supplier_Link"; Value = "https://www.digikey.ca/product-detail/en/cree-inc/XQARED-02-0000-000000W01/XQARED-02-0000-000000W01CT-ND/5806748"; VariantName = "[No Variations]"
Add component (AddParameter): Name = "Supplier Part Number 1"; Value = "XQARED-02-0000-000000W01CT-ND"; VariantName = "[No Variations]"
Added Component: Designator=D12(led red 0606)
Add component. Clean all parameters for all variants
Add component (AddParameter): Name = "Manufacturer"; Value = "Comchip Technology"; VariantName = "[No Variations]"
Add component (AddParameter): Name = "Part_Number"; Value = "XQARED-02-0000-000000W01"; VariantName = "[No Variations]"
Add component (AddParameter): Name = "Price"; Value = "0.81"; VariantName = "[No Variations]"
Add component (AddParameter): Name = "Price_10"; Value = "0.762"; VariantName = "[No Variations]"
Add component (AddParameter): Name = "Supplier 1"; Value = "Digi-Key"; VariantName = "[No Variations]"
Add component (AddParameter): Name = "Supplier_Link"; Value = "https://www.digikey.ca/product-detail/en/cree-inc/XQARED-02-0000-000000W01/XQARED-02-0000-000000W01CT-ND/5806748"; VariantName = "[No Variations]"
Add component (AddParameter): Name = "Supplier Part Number 1"; Value = "XQARED-02-0000-000000W01CT-ND"; VariantName = "[No Variations]"
Added Component: Designator=D13(led red 0606)
Add component. Clean all parameters for all variants
Add component (AddParameter): Name = "Manufacturer"; Value = "Comchip Technology"; VariantName = "[No Variations]"
Add component (AddParameter): Name = "Part_Number"; Value = "XQARED-02-0000-000000W01"; VariantName = "[No Variations]"
Add component (AddParameter): Name = "Price"; Value = "0.81"; VariantName = "[No Variations]"
Add component (AddParameter): Name = "Price_10"; Value = "0.762"; VariantName = "[No Variations]"
Add component (AddParameter): Name = "Supplier 1"; Value = "Digi-Key"; VariantName = "[No Variations]"
Add component (AddParameter): Name = "Supplier_Link"; Value = "https://www.digikey.ca/product-detail/en/cree-inc/XQARED-02-0000-000000W01/XQARED-02-0000-000000W01CT-ND/5806748"; VariantName = "[No Variations]"
Add component (AddParameter): Name = "Supplier Part Number 1"; Value = "XQARED-02-0000-000000W01CT-ND"; VariantName = "[No Variations]"
Added Component: Designator=D14(led red 0606)
Add component. Clean all parameters for all variants
Add component (AddParameter): Name = "Manufacturer"; Value = "Comchip Technology"; VariantName = "[No Variations]"
Add component (AddParameter): Name = "Part_Number"; Value = "XQARED-02-0000-000000W01"; VariantName = "[No Variations]"
Add component (AddParameter): Name = "Price"; Value = "0.81"; VariantName = "[No Variations]"
Add component (AddParameter): Name = "Price_10"; Value = "0.762"; VariantName = "[No Variations]"
Add component (AddParameter): Name = "Supplier 1"; Value = "Digi-Key"; VariantName = "[No Variations]"
Add component (AddParameter): Name = "Supplier_Link"; Value = "https://www.digikey.ca/product-detail/en/cree-inc/XQARED-02-0000-000000W01/XQARED-02-0000-000000W01CT-ND/5806748"; VariantName = "[No Variations]"
Add component (AddParameter): Name = "Supplier Part Number 1"; Value = "XQARED-02-0000-000000W01CT-ND"; VariantName = "[No Variations]"
Added Component: Designator=D15(led red 0606)
Add component. Clean all parameters for all variants
Add component (AddParameter): Name = "Manufacturer"; Value = "Comchip Technology"; VariantName = "[No Variations]"
Add component (AddParameter): Name = "Part_Number"; Value = "XQARED-02-0000-000000W01"; VariantName = "[No Variations]"
Add component (AddParameter): Name = "Price"; Value = "0.81"; VariantName = "[No Variations]"
Add component (AddParameter): Name = "Price_10"; Value = "0.762"; VariantName = "[No Variations]"
Add component (AddParameter): Name = "Supplier 1"; Value = "Digi-Key"; VariantName = "[No Variations]"
Add component (AddParameter): Name = "Supplier_Link"; Value = "https://www.digikey.ca/product-detail/en/cree-inc/XQARED-02-0000-000000W01/XQARED-02-0000-000000W01CT-ND/5806748"; VariantName = "[No Variations]"
Add component (AddParameter): Name = "Supplier Part Number 1"; Value = "XQARED-02-0000-000000W01CT-ND"; VariantName = "[No Variations]"
Added Component: Designator=D16(led red 0606)
Add component. Clean all parameters for all variants
Add component (AddParameter): Name = "Manufacturer"; Value = "Comchip Technology"; VariantName = "[No Variations]"
Add component (AddParameter): Name = "Part_Number"; Value = "XQARED-02-0000-000000W01"; VariantName = "[No Variations]"
Add component (AddParameter): Name = "Price"; Value = "0.81"; VariantName = "[No Variations]"
Add component (AddParameter): Name = "Price_10"; Value = "0.762"; VariantName = "[No Variations]"
Add component (AddParameter): Name = "Supplier 1"; Value = "Digi-Key"; VariantName = "[No Variations]"
Add component (AddParameter): Name = "Supplier_Link"; Value = "https://www.digikey.ca/product-detail/en/cree-inc/XQARED-02-0000-000000W01/XQARED-02-0000-000000W01CT-ND/5806748"; VariantName = "[No Variations]"
Add component (AddParameter): Name = "Supplier Part Number 1"; Value = "XQARED-02-0000-000000W01CT-ND"; VariantName = "[No Variations]"
Added Component: Designator=D17(led red 0606)
Add component. Clean all parameters for all variants
Add component (AddParameter): Name = "Manufacturer"; Value = "Comchip Technology"; VariantName = "[No Variations]"
Add component (AddParameter): Name = "Part_Number"; Value = "XQARED-02-0000-000000W01"; VariantName = "[No Variations]"
Add component (AddParameter): Name = "Price"; Value = "0.81"; VariantName = "[No Variations]"
Add component (AddParameter): Name = "Price_10"; Value = "0.762"; VariantName = "[No Variations]"
Add component (AddParameter): Name = "Supplier 1"; Value = "Digi-Key"; VariantName = "[No Variations]"
Add component (AddParameter): Name = "Supplier_Link"; Value = "https://www.digikey.ca/product-detail/en/cree-inc/XQARED-02-0000-000000W01/XQARED-02-0000-000000W01CT-ND/5806748"; VariantName = "[No Variations]"
Add component (AddParameter): Name = "Supplier Part Number 1"; Value = "XQARED-02-0000-000000W01CT-ND"; VariantName = "[No Variations]"
Added Component: Designator=D18(led red 0606)
Add component. Clean all parameters for all variants
Add component (AddParameter): Name = "Manufacturer"; Value = "Comchip Technology"; VariantName = "[No Variations]"
Add component (AddParameter): Name = "Part_Number"; Value = "XQARED-02-0000-000000W01"; VariantName = "[No Variations]"
Add component (AddParameter): Name = "Price"; Value = "0.81"; VariantName = "[No Variations]"
Add component (AddParameter): Name = "Price_10"; Value = "0.762"; VariantName = "[No Variations]"
Add component (AddParameter): Name = "Supplier 1"; Value = "Digi-Key"; VariantName = "[No Variations]"
Add component (AddParameter): Name = "Supplier_Link"; Value = "https://www.digikey.ca/product-detail/en/cree-inc/XQARED-02-0000-000000W01/XQARED-02-0000-000000W01CT-ND/5806748"; VariantName = "[No Variations]"
Add component (AddParameter): Name = "Supplier Part Number 1"; Value = "XQARED-02-0000-000000W01CT-ND"; VariantName = "[No Variations]"
Added Component: Designator=D19(led red 0606)
Add component. Clean all parameters for all variants
Add component (AddParameter): Name = "Manufacturer"; Value = "Comchip Technology"; VariantName = "[No Variations]"
Add component (AddParameter): Name = "Part_Number"; Value = "XQAGRN-02-0000-000000Z01"; VariantName = "[No Variations]"
Add component (AddParameter): Name = "Price"; Value = "0.87"; VariantName = "[No Variations]"
Add component (AddParameter): Name = "Price_10"; Value = "0.817"; VariantName = "[No Variations]"
Add component (AddParameter): Name = "Supplier 1"; Value = "Digi-Key"; VariantName = "[No Variations]"
Add component (AddParameter): Name = "Supplier_Link"; Value = "https://www.digikey.ca/product-detail/en/cree-inc/XQAGRN-02-0000-000000Z01/XQAGRN-02-0000-000000Z01CT-ND/5806746"; VariantName = "[No Variations]"
Add component (AddParameter): Name = "Supplier Part Number 1"; Value = "XQAGRN-02-0000-000000Z01CT-ND"; VariantName = "[No Variations]"
Added Component: Designator=D20(led red 0606)
Add component. Clean all parameters for all variants
Add component (AddParameter): Name = "Manufacturer"; Value = "Comchip Technology"; VariantName = "[No Variations]"
Add component (AddParameter): Name = "Part_Number"; Value = "XQAGRN-02-0000-000000Z01"; VariantName = "[No Variations]"
Add component (AddParameter): Name = "Price"; Value = "0.87"; VariantName = "[No Variations]"
Add component (AddParameter): Name = "Price_10"; Value = "0.817"; VariantName = "[No Variations]"
Add component (AddParameter): Name = "Supplier 1"; Value = "Digi-Key"; VariantName = "[No Variations]"
Add component (AddParameter): Name = "Supplier_Link"; Value = "https://www.digikey.ca/product-detail/en/cree-inc/XQAGRN-02-0000-000000Z01/XQAGRN-02-0000-000000Z01CT-ND/5806746"; VariantName = "[No Variations]"
Add component (AddParameter): Name = "Supplier Part Number 1"; Value = "XQAGRN-02-0000-000000Z01CT-ND"; VariantName = "[No Variations]"
Added Component: Designator=D21(led red 0606)
Add component. Clean all parameters for all variants
Add component (AddParameter): Name = "Manufacturer"; Value = "Comchip Technology"; VariantName = "[No Variations]"
Add component (AddParameter): Name = "Part_Number"; Value = "XQAGRN-02-0000-000000Z01"; VariantName = "[No Variations]"
Add component (AddParameter): Name = "Price"; Value = "0.87"; VariantName = "[No Variations]"
Add component (AddParameter): Name = "Price_10"; Value = "0.817"; VariantName = "[No Variations]"
Add component (AddParameter): Name = "Supplier 1"; Value = "Digi-Key"; VariantName = "[No Variations]"
Add component (AddParameter): Name = "Supplier_Link"; Value = "https://www.digikey.ca/product-detail/en/cree-inc/XQAGRN-02-0000-000000Z01/XQAGRN-02-0000-000000Z01CT-ND/5806746"; VariantName = "[No Variations]"
Add component (AddParameter): Name = "Supplier Part Number 1"; Value = "XQAGRN-02-0000-000000Z01CT-ND"; VariantName = "[No Variations]"
Added Component: Designator=D22(led red 0606)
Add component. Clean all parameters for all variants
Add component (AddParameter): Name = "Manufacturer"; Value = "Comchip Technology"; VariantName = "[No Variations]"
Add component (AddParameter): Name = "Part_Number"; Value = "XQAGRN-02-0000-000000Z01"; VariantName = "[No Variations]"
Add component (AddParameter): Name = "Price"; Value = "0.87"; VariantName = "[No Variations]"
Add component (AddParameter): Name = "Price_10"; Value = "0.817"; VariantName = "[No Variations]"
Add component (AddParameter): Name = "Supplier 1"; Value = "Digi-Key"; VariantName = "[No Variations]"
Add component (AddParameter): Name = "Supplier_Link"; Value = "https://www.digikey.ca/product-detail/en/cree-inc/XQAGRN-02-0000-000000Z01/XQAGRN-02-0000-000000Z01CT-ND/5806746"; VariantName = "[No Variations]"
Add component (AddParameter): Name = "Supplier Part Number 1"; Value = "XQAGRN-02-0000-000000Z01CT-ND"; VariantName = "[No Variations]"
Added Component: Designator=D23(led red 0606)
Add component. Clean all parameters for all variants
Add component (AddParameter): Name = "Manufacturer"; Value = "Comchip Technology"; VariantName = "[No Variations]"
Add component (AddParameter): Name = "Part_Number"; Value = "XQAGRN-02-0000-000000Z01"; VariantName = "[No Variations]"
Add component (AddParameter): Name = "Price"; Value = "0.87"; VariantName = "[No Variations]"
Add component (AddParameter): Name = "Price_10"; Value = "0.817"; VariantName = "[No Variations]"
Add component (AddParameter): Name = "Supplier 1"; Value = "Digi-Key"; VariantName = "[No Variations]"
Add component (AddParameter): Name = "Supplier_Link"; Value = "https://www.digikey.ca/product-detail/en/cree-inc/XQAGRN-02-0000-000000Z01/XQAGRN-02-0000-000000Z01CT-ND/5806746"; VariantName = "[No Variations]"
Add component (AddParameter): Name = "Supplier Part Number 1"; Value = "XQAGRN-02-0000-000000Z01CT-ND"; VariantName = "[No Variations]"
Added Component: Designator=D24(led red 0606)
Add component. Clean all parameters for all variants
Add component (AddParameter): Name = "Manufacturer"; Value = "Comchip Technology"; VariantName = "[No Variations]"
Add component (AddParameter): Name = "Part_Number"; Value = "XQAGRN-02-0000-000000Z01"; VariantName = "[No Variations]"
Add component (AddParameter): Name = "Price"; Value = "0.87"; VariantName = "[No Variations]"
Add component (AddParameter): Name = "Price_10"; Value = "0.817"; VariantName = "[No Variations]"
Add component (AddParameter): Name = "Supplier 1"; Value = "Digi-Key"; VariantName = "[No Variations]"
Add component (AddParameter): Name = "Supplier_Link"; Value = "https://www.digikey.ca/product-detail/en/cree-inc/XQAGRN-02-0000-000000Z01/XQAGRN-02-0000-000000Z01CT-ND/5806746"; VariantName = "[No Variations]"
Add component (AddParameter): Name = "Supplier Part Number 1"; Value = "XQAGRN-02-0000-000000Z01CT-ND"; VariantName = "[No Variations]"
Added Component: Designator=D25(led red 0606)
Add component. Clean all parameters for all variants
Add component (AddParameter): Name = "Manufacturer"; Value = "Comchip Technology"; VariantName = "[No Variations]"
Add component (AddParameter): Name = "Part_Number"; Value = "XQAGRN-02-0000-000000Z01"; VariantName = "[No Variations]"
Add component (AddParameter): Name = "Price"; Value = "0.87"; VariantName = "[No Variations]"
Add component (AddParameter): Name = "Price_10"; Value = "0.817"; VariantName = "[No Variations]"
Add component (AddParameter): Name = "Supplier 1"; Value = "Digi-Key"; VariantName = "[No Variations]"
Add component (AddParameter): Name = "Supplier_Link"; Value = "https://www.digikey.ca/product-detail/en/cree-inc/XQAGRN-02-0000-000000Z01/XQAGRN-02-0000-000000Z01CT-ND/5806746"; VariantName = "[No Variations]"
Add component (AddParameter): Name = "Supplier Part Number 1"; Value = "XQAGRN-02-0000-000000Z01CT-ND"; VariantName = "[No Variations]"
Added Component: Designator=D26(led red 0606)
Add component. Clean all parameters for all variants
Add component (AddParameter): Name = "Manufacturer"; Value = "Comchip Technology"; VariantName = "[No Variations]"
Add component (AddParameter): Name = "Part_Number"; Value = "XQAGRN-02-0000-000000Z01"; VariantName = "[No Variations]"
Add component (AddParameter): Name = "Price"; Value = "0.87"; VariantName = "[No Variations]"
Add component (AddParameter): Name = "Price_10"; Value = "0.817"; VariantName = "[No Variations]"
Add component (AddParameter): Name = "Supplier 1"; Value = "Digi-Key"; VariantName = "[No Variations]"
Add component (AddParameter): Name = "Supplier_Link"; Value = "https://www.digikey.ca/product-detail/en/cree-inc/XQAGRN-02-0000-000000Z01/XQAGRN-02-0000-000000Z01CT-ND/5806746"; VariantName = "[No Variations]"
Add component (AddParameter): Name = "Supplier Part Number 1"; Value = "XQAGRN-02-0000-000000Z01CT-ND"; VariantName = "[No Variations]"
Added Component: Designator=D27(led red 0606)
Add component. Clean all parameters for all variants
Add component (AddParameter): Name = "Manufacturer"; Value = "Comchip Technology"; VariantName = "[No Variations]"
Add component (AddParameter): Name = "Part_Number"; Value = "XQAGRN-02-0000-000000Z01"; VariantName = "[No Variations]"
Add component (AddParameter): Name = "Price"; Value = "0.87"; VariantName = "[No Variations]"
Add component (AddParameter): Name = "Price_10"; Value = "0.817"; VariantName = "[No Variations]"
Add component (AddParameter): Name = "Supplier 1"; Value = "Digi-Key"; VariantName = "[No Variations]"
Add component (AddParameter): Name = "Supplier_Link"; Value = "https://www.digikey.ca/product-detail/en/cree-inc/XQAGRN-02-0000-000000Z01/XQAGRN-02-0000-000000Z01CT-ND/5806746"; VariantName = "[No Variations]"
Add component (AddParameter): Name = "Supplier Part Number 1"; Value = "XQAGRN-02-0000-000000Z01CT-ND"; VariantName = "[No Variations]"
Added Component: Designator=D28(led red 0606)
Add component. Clean all parameters for all variants
Add component (AddParameter): Name = "Manufacturer"; Value = "Comchip Technology"; VariantName = "[No Variations]"
Add component (AddParameter): Name = "Part_Number"; Value = "XQAGRN-02-0000-000000Z01"; VariantName = "[No Variations]"
Add component (AddParameter): Name = "Price"; Value = "0.87"; VariantName = "[No Variations]"
Add component (AddParameter): Name = "Price_10"; Value = "0.817"; VariantName = "[No Variations]"
Add component (AddParameter): Name = "Supplier 1"; Value = "Digi-Key"; VariantName = "[No Variations]"
Add component (AddParameter): Name = "Supplier_Link"; Value = "https://www.digikey.ca/product-detail/en/cree-inc/XQAGRN-02-0000-000000Z01/XQAGRN-02-0000-000000Z01CT-ND/5806746"; VariantName = "[No Variations]"
Add component (AddParameter): Name = "Supplier Part Number 1"; Value = "XQAGRN-02-0000-000000Z01CT-ND"; VariantName = "[No Variations]"
Added Component: Designator=D29(led red 0606)
Add component. Clean all parameters for all variants
Add component (AddParameter): Name = "Manufacturer"; Value = "Comchip Technology"; VariantName = "[No Variations]"
Add component (AddParameter): Name = "Part_Number"; Value = "XQAGRN-02-0000-000000Z01"; VariantName = "[No Variations]"
Add component (AddParameter): Name = "Price"; Value = "0.87"; VariantName = "[No Variations]"
Add component (AddParameter): Name = "Price_10"; Value = "0.817"; VariantName = "[No Variations]"
Add component (AddParameter): Name = "Supplier 1"; Value = "Digi-Key"; VariantName = "[No Variations]"
Add component (AddParameter): Name = "Supplier_Link"; Value = "https://www.digikey.ca/product-detail/en/cree-inc/XQAGRN-02-0000-000000Z01/XQAGRN-02-0000-000000Z01CT-ND/5806746"; VariantName = "[No Variations]"
Add component (AddParameter): Name = "Supplier Part Number 1"; Value = "XQAGRN-02-0000-000000Z01CT-ND"; VariantName = "[No Variations]"
Added Component: Designator=D30(led red 0606)
Add component. Clean all parameters for all variants
Add component (AddParameter): Name = "Manufacturer"; Value = "Comchip Technology"; VariantName = "[No Variations]"
Add component (AddParameter): Name = "Part_Number"; Value = "XQAGRN-02-0000-000000Z01"; VariantName = "[No Variations]"
Add component (AddParameter): Name = "Price"; Value = "0.87"; VariantName = "[No Variations]"
Add component (AddParameter): Name = "Price_10"; Value = "0.817"; VariantName = "[No Variations]"
Add component (AddParameter): Name = "Supplier 1"; Value = "Digi-Key"; VariantName = "[No Variations]"
Add component (AddParameter): Name = "Supplier_Link"; Value = "https://www.digikey.ca/product-detail/en/cree-inc/XQAGRN-02-0000-000000Z01/XQAGRN-02-0000-000000Z01CT-ND/5806746"; VariantName = "[No Variations]"
Add component (AddParameter): Name = "Supplier Part Number 1"; Value = "XQAGRN-02-0000-000000Z01CT-ND"; VariantName = "[No Variations]"
Added Component: Designator=D31(led red 0606)
Add component. Clean all parameters for all variants
Add component (AddParameter): Name = "Manufacturer"; Value = "Comchip Technology"; VariantName = "[No Variations]"
Add component (AddParameter): Name = "Part_Number"; Value = "XQAGRN-02-0000-000000Z01"; VariantName = "[No Variations]"
Add component (AddParameter): Name = "Price"; Value = "0.87"; VariantName = "[No Variations]"
Add component (AddParameter): Name = "Price_10"; Value = "0.817"; VariantName = "[No Variations]"
Add component (AddParameter): Name = "Supplier 1"; Value = "Digi-Key"; VariantName = "[No Variations]"
Add component (AddParameter): Name = "Supplier_Link"; Value = "https://www.digikey.ca/product-detail/en/cree-inc/XQAGRN-02-0000-000000Z01/XQAGRN-02-0000-000000Z01CT-ND/5806746"; VariantName = "[No Variations]"
Add component (AddParameter): Name = "Supplier Part Number 1"; Value = "XQAGRN-02-0000-000000Z01CT-ND"; VariantName = "[No Variations]"
Added Component: Designator=D32(led red 0606)
Add component. Clean all parameters for all variants
Add component (AddParameter): Name = "Manufacturer"; Value = "Comchip Technology"; VariantName = "[No Variations]"
Add component (AddParameter): Name = "Part_Number"; Value = "XQAGRN-02-0000-000000Z01"; VariantName = "[No Variations]"
Add component (AddParameter): Name = "Price"; Value = "0.87"; VariantName = "[No Variations]"
Add component (AddParameter): Name = "Price_10"; Value = "0.817"; VariantName = "[No Variations]"
Add component (AddParameter): Name = "Supplier 1"; Value = "Digi-Key"; VariantName = "[No Variations]"
Add component (AddParameter): Name = "Supplier_Link"; Value = "https://www.digikey.ca/product-detail/en/cree-inc/XQAGRN-02-0000-000000Z01/XQAGRN-02-0000-000000Z01CT-ND/5806746"; VariantName = "[No Variations]"
Add component (AddParameter): Name = "Supplier Part Number 1"; Value = "XQAGRN-02-0000-000000Z01CT-ND"; VariantName = "[No Variations]"
Added Component: Designator=D33(led red 0606)
Add component. Clean all parameters for all variants
Add component (AddParameter): Name = "Manufacturer"; Value = "Comchip Technology"; VariantName = "[No Variations]"
Add component (AddParameter): Name = "Part_Number"; Value = "XQAGRN-02-0000-000000Z01"; VariantName = "[No Variations]"
Add component (AddParameter): Name = "Price"; Value = "0.87"; VariantName = "[No Variations]"
Add component (AddParameter): Name = "Price_10"; Value = "0.817"; VariantName = "[No Variations]"
Add component (AddParameter): Name = "Supplier 1"; Value = "Digi-Key"; VariantName = "[No Variations]"
Add component (AddParameter): Name = "Supplier_Link"; Value = "https://www.digikey.ca/product-detail/en/cree-inc/XQAGRN-02-0000-000000Z01/XQAGRN-02-0000-000000Z01CT-ND/5806746"; VariantName = "[No Variations]"
Add component (AddParameter): Name = "Supplier Part Number 1"; Value = "XQAGRN-02-0000-000000Z01CT-ND"; VariantName = "[No Variations]"
Added Component: Designator=D34(led red 0606)
Add component. Clean all parameters for all variants
Add component (AddParameter): Name = "Manufacturer"; Value = "Comchip Technology"; VariantName = "[No Variations]"
Add component (AddParameter): Name = "Part_Number"; Value = "XQAGRN-02-0000-000000Z01"; VariantName = "[No Variations]"
Add component (AddParameter): Name = "Price"; Value = "0.87"; VariantName = "[No Variations]"
Add component (AddParameter): Name = "Price_10"; Value = "0.817"; VariantName = "[No Variations]"
Add component (AddParameter): Name = "Supplier 1"; Value = "Digi-Key"; VariantName = "[No Variations]"
Add component (AddParameter): Name = "Supplier_Link"; Value = "https://www.digikey.ca/product-detail/en/cree-inc/XQAGRN-02-0000-000000Z01/XQAGRN-02-0000-000000Z01CT-ND/5806746"; VariantName = "[No Variations]"
Add component (AddParameter): Name = "Supplier Part Number 1"; Value = "XQAGRN-02-0000-000000Z01CT-ND"; VariantName = "[No Variations]"
Added Component: Designator=D35(led red 0606)
Add component. Clean all parameters for all variants
Add component (AddParameter): Name = "Manufacturer"; Value = "Comchip Technology"; VariantName = "[No Variations]"
Add component (AddParameter): Name = "Part_Number"; Value = "XQAGRN-02-0000-000000Z01"; VariantName = "[No Variations]"
Add component (AddParameter): Name = "Price"; Value = "0.87"; VariantName = "[No Variations]"
Add component (AddParameter): Name = "Price_10"; Value = "0.817"; VariantName = "[No Variations]"
Add component (AddParameter): Name = "Supplier 1"; Value = "Digi-Key"; VariantName = "[No Variations]"
Add component (AddParameter): Name = "Supplier_Link"; Value = "https://www.digikey.ca/product-detail/en/cree-inc/XQAGRN-02-0000-000000Z01/XQAGRN-02-0000-000000Z01CT-ND/5806746"; VariantName = "[No Variations]"
Add component (AddParameter): Name = "Supplier Part Number 1"; Value = "XQAGRN-02-0000-000000Z01CT-ND"; VariantName = "[No Variations]"
Added Component: Designator=D36(led red 0606)
Add component. Clean all parameters for all variants
Add component (AddParameter): Name = "Manufacturer"; Value = "Comchip Technology"; VariantName = "[No Variations]"
Add component (AddParameter): Name = "Part_Number"; Value = "XQAGRN-02-0000-000000Z01"; VariantName = "[No Variations]"
Add component (AddParameter): Name = "Price"; Value = "0.87"; VariantName = "[No Variations]"
Add component (AddParameter): Name = "Price_10"; Value = "0.817"; VariantName = "[No Variations]"
Add component (AddParameter): Name = "Supplier 1"; Value = "Digi-Key"; VariantName = "[No Variations]"
Add component (AddParameter): Name = "Supplier_Link"; Value = "https://www.digikey.ca/product-detail/en/cree-inc/XQAGRN-02-0000-000000Z01/XQAGRN-02-0000-000000Z01CT-ND/5806746"; VariantName = "[No Variations]"
Add component (AddParameter): Name = "Supplier Part Number 1"; Value = "XQAGRN-02-0000-000000Z01CT-ND"; VariantName = "[No Variations]"
Added Component: Designator=R1(R0603)
Add component. Clean all parameters for all variants
Add component (AddParameter): Name = "Manufacturer"; Value = "Rohm Semiconductor"; VariantName = "[No Variations]"
Add component (AddParameter): Name = "Part_Number"; Value = "ESR03EZPJ620"; VariantName = "[No Variations]"
Add component (AddParameter): Name = "Power"; Value = "0.25W"; VariantName = "[No Variations]"
Add component (AddParameter): Name = "Price"; Value = "0.15"; VariantName = "[No Variations]"
Add component (AddParameter): Name = "Supplier 1"; Value = "Digi-Key"; VariantName = "[No Variations]"
Add component (AddParameter): Name = "Supplier_Link"; Value = "http://www.digikey.ca/product-detail/en/ESR03EZPJ620/RHM62DCT-ND/1983794"; VariantName = "[No Variations]"
Add component (AddParameter): Name = "Supplier Part Number 1"; Value = "RHM62DCT-ND"; VariantName = "[No Variations]"
Add component (AddParameter): Name = "Tolerance"; Value = "5%"; VariantName = "[No Variations]"
Add component (AddParameter): Name = "Value"; Value = "60R"; VariantName = "[No Variations]"
Added Component: Designator=R2(R0603)
Add component. Clean all parameters for all variants
Add component (AddParameter): Name = "Manufacturer"; Value = "Rohm Semiconductor"; VariantName = "[No Variations]"
Add component (AddParameter): Name = "Part_Number"; Value = "ESR03EZPJ620"; VariantName = "[No Variations]"
Add component (AddParameter): Name = "Power"; Value = "0.25W"; VariantName = "[No Variations]"
Add component (AddParameter): Name = "Price"; Value = "0.15"; VariantName = "[No Variations]"
Add component (AddParameter): Name = "Supplier 1"; Value = "Digi-Key"; VariantName = "[No Variations]"
Add component (AddParameter): Name = "Supplier_Link"; Value = "http://www.digikey.ca/product-detail/en/ESR03EZPJ620/RHM62DCT-ND/1983794"; VariantName = "[No Variations]"
Add component (AddParameter): Name = "Supplier Part Number 1"; Value = "RHM62DCT-ND"; VariantName = "[No Variations]"
Add component (AddParameter): Name = "Tolerance"; Value = "5%"; VariantName = "[No Variations]"
Add component (AddParameter): Name = "Value"; Value = "60R"; VariantName = "[No Variations]"
Added Component: Designator=R3(R0603)
Add component. Clean all parameters for all variants
Add component (AddParameter): Name = "Manufacturer"; Value = "Rohm Semiconductor"; VariantName = "[No Variations]"
Add component (AddParameter): Name = "Part_Number"; Value = "ESR03EZPJ620"; VariantName = "[No Variations]"
Add component (AddParameter): Name = "Power"; Value = "0.25W"; VariantName = "[No Variations]"
Add component (AddParameter): Name = "Price"; Value = "0.15"; VariantName = "[No Variations]"
Add component (AddParameter): Name = "Supplier 1"; Value = "Digi-Key"; VariantName = "[No Variations]"
Add component (AddParameter): Name = "Supplier_Link"; Value = "https://www.digikey.ca/products/en?keywords=RHM20DCT-ND"; VariantName = "[No Variations]"
Add component (AddParameter): Name = "Supplier Part Number 1"; Value = "RHM20DCT-ND"; VariantName = "[No Variations]"
Add component (AddParameter): Name = "Tolerance"; Value = "5%"; VariantName = "[No Variations]"
Add component (AddParameter): Name = "Value"; Value = "20R"; VariantName = "[No Variations]"
Added Component: Designator=R4(R0603)
Add component. Clean all parameters for all variants
Add component (AddParameter): Name = "Manufacturer"; Value = "Rohm Semiconductor"; VariantName = "[No Variations]"
Add component (AddParameter): Name = "Part_Number"; Value = "ESR03EZPJ620"; VariantName = "[No Variations]"
Add component (AddParameter): Name = "Power"; Value = "0.25W"; VariantName = "[No Variations]"
Add component (AddParameter): Name = "Price"; Value = "0.15"; VariantName = "[No Variations]"
Add component (AddParameter): Name = "Supplier 1"; Value = "Digi-Key"; VariantName = "[No Variations]"
Add component (AddParameter): Name = "Supplier_Link"; Value = "https://www.digikey.ca/products/en?keywords=RHM20DCT-ND"; VariantName = "[No Variations]"
Add component (AddParameter): Name = "Supplier Part Number 1"; Value = "RHM20DCT-ND"; VariantName = "[No Variations]"
Add component (AddParameter): Name = "Tolerance"; Value = "5%"; VariantName = "[No Variations]"
Add component (AddParameter): Name = "Value"; Value = "20R"; VariantName = "[No Variations]"
Added Component: Designator=X1(5023520400)
Add component. Clean all parameters for all variants
Add component (AddParameter): Name = "Manufacturer"; Value = "Molex"; VariantName = "[No Variations]"
Add component (AddParameter): Name = "Mounting_Type"; Value = "Surface Mount, Right Angle"; VariantName = "[No Variations]"
Add component (AddParameter): Name = "Part_Number"; Value = "5023520400"; VariantName = "[No Variations]"
Add component (AddParameter): Name = "Part_Number_Crimp"; Value = "0502128000"; VariantName = "[No Variations]"
Add component (AddParameter): Name = "Part_Number_Mating"; Value = "5023510400"; VariantName = "[No Variations]"
Add component (AddParameter): Name = "Series"; Value = "DuraClik"; VariantName = "[No Variations]"
Add component (AddParameter): Name = "Supplier 1"; Value = "Digikey"; VariantName = "[No Variations]"
Add component (AddParameter): Name = "Supplier_Link"; Value = "http://www.digikey.com/product-detail/en/molex-llc/5023520400/WM7171CT-ND/3045198"; VariantName = "[No Variations]"
Add component (AddParameter): Name = "Supplier_Link_Crimp"; Value = "http://www.digikey.com/product-detail/en/molex-llc/0502128000/WM4561CT-ND/2524899"; VariantName = "[No Variations]"
Add component (AddParameter): Name = "Supplier_Link_Mating"; Value = "http://www.digikey.com/product-detail/en/molex-llc/5023510400/WM8688-ND/3045219"; VariantName = "[No Variations]"
Add component (AddParameter): Name = "Supplier Part Number 1"; Value = "WM7171CT-ND"; VariantName = "[No Variations]"
Added Component: Designator=X2(5023520400)
Add component. Clean all parameters for all variants
Add component (AddParameter): Name = "Manufacturer"; Value = "Molex"; VariantName = "[No Variations]"
Add component (AddParameter): Name = "Mounting_Type"; Value = "Surface Mount, Right Angle"; VariantName = "[No Variations]"
Add component (AddParameter): Name = "Part_Number"; Value = "5023520400"; VariantName = "[No Variations]"
Add component (AddParameter): Name = "Part_Number_Crimp"; Value = "0502128000"; VariantName = "[No Variations]"
Add component (AddParameter): Name = "Part_Number_Mating"; Value = "5023510400"; VariantName = "[No Variations]"
Add component (AddParameter): Name = "Series"; Value = "DuraClik"; VariantName = "[No Variations]"
Add component (AddParameter): Name = "Supplier 1"; Value = "Digikey"; VariantName = "[No Variations]"
Add component (AddParameter): Name = "Supplier_Link"; Value = "http://www.digikey.com/product-detail/en/molex-llc/5023520400/WM7171CT-ND/3045198"; VariantName = "[No Variations]"
Add component (AddParameter): Name = "Supplier_Link_Crimp"; Value = "http://www.digikey.com/product-detail/en/molex-llc/0502128000/WM4561CT-ND/2524899"; VariantName = "[No Variations]"
Add component (AddParameter): Name = "Supplier_Link_Mating"; Value = "http://www.digikey.com/product-detail/en/molex-llc/5023510400/WM8688-ND/3045219"; VariantName = "[No Variations]"
Add component (AddParameter): Name = "Supplier Part Number 1"; Value = "WM7171CT-ND"; VariantName = "[No Variations]"
Added Pin To Net: NetName=24V GREEN Pin=X1-3
Added Pin To Net: NetName=24V GREEN Pin=X2-3
Added Net: Name=24V GREEN
Added Pin To Net: NetName=24V RED Pin=X1-1
Added Pin To Net: NetName=24V RED Pin=X2-1
Added Net: Name=24V RED
Added Pin To Net: NetName=GND Pin=R1-1
Added Pin To Net: NetName=GND Pin=R2-2
Added Pin To Net: NetName=GND Pin=R3-1
Added Pin To Net: NetName=GND Pin=R4-2
Added Pin To Net: NetName=GND Pin=X1-2
Added Pin To Net: NetName=GND Pin=X2-2
Added Net: Name=GND
Added Net: Name=NetD1_2
Added Net: Name=NetD2_2
Added Net: Name=NetD3_2
Added Net: Name=NetD4_2
Added Net: Name=NetD5_2
Added Pin To Net: NetName=NetD6_2 Pin=R1-2
Added Pin To Net: NetName=NetD6_2 Pin=R2-1
Added Net: Name=NetD6_2
Added Net: Name=NetD7_2
Added Net: Name=NetD8_2
Added Net: Name=NetD9_2
Added Net: Name=NetD10_2
Added Net: Name=NetD11_2
Added Net: Name=NetD13_2
Added Net: Name=NetD14_2
Added Net: Name=NetD15_2
Added Net: Name=NetD16_2
Added Net: Name=NetD17_2
Added Net: Name=NetD19_2
Added Net: Name=NetD20_2
Added Net: Name=NetD21_2
Added Net: Name=NetD22_2
Added Net: Name=NetD23_2
Added Pin To Net: NetName=NetD24_2 Pin=R3-2
Added Pin To Net: NetName=NetD24_2 Pin=R4-1
Added Net: Name=NetD24_2
Added Net: Name=NetD25_2
Added Net: Name=NetD26_2
Added Net: Name=NetD27_2
Added Net: Name=NetD28_2
Added Net: Name=NetD29_2
Added Net: Name=NetD31_2
Added Net: Name=NetD32_2
Added Net: Name=NetD33_2
Added Net: Name=NetD34_2
Added Net: Name=NetD35_2
Added Class: Name=tsal_v1
Added Room: Name=tsal_v1
